<?xml version="1.0" encoding="UTF-8"?>
<!-- Generated by org.testng.reporters.JUnitXMLReporter -->
<testsuite hostname="dvcio6093226" ignored="3" name="Loan" tests="3" failures="0" timestamp="2020-06-22T08:28:18 IST" time="0.024" errors="0">
  <testcase name="APIloginCarLoan" time="0.002" classname="TestPackage.day3"/>
  <testcase name="smoketest3" time="0.002" classname="TestPackage.day3"/>
  <testcase name="webloginCarLoan" time="0.003" classname="TestPackage.day3"/>
  <testcase name="MobileSigninCarLoan" time="0.0" classname="TestPackage.day3">
    <ignored/>
  </testcase> <!-- MobileSigninCarLoan -->
  <testcase name="MobileentryCarLoan" time="0.0" classname="TestPackage.day3">
    <ignored/>
  </testcase> <!-- MobileentryCarLoan -->
  <testcase name="MobileloginCarLoan" time="0.0" classname="TestPackage.day3">
    <ignored/>
  </testcase> <!-- MobileloginCarLoan -->
</testsuite> <!-- Loan -->
