<?xml version="1.0" encoding="UTF-8"?>
<!-- Generated by org.testng.reporters.JUnitXMLReporter -->
<testsuite hostname="dvcio6093226" ignored="0" name="Ploan" tests="5" failures="0" timestamp="2020-06-22T08:28:18 IST" time="0.064" errors="0">
  <testcase name="Demo" time="0.006" classname="TestPackage.day1"/>
  <testcase name="Demo1" time="0.002" classname="TestPackage.day1"/>
  <testcase name="smoketest1" time="0.002" classname="TestPackage.day1"/>
  <testcase name="Ploan" time="0.003" classname="TestPackage.day2"/>
  <testcase name="smoketest2" time="0.002" classname="TestPackage.day2"/>
</testsuite> <!-- Ploan -->
