<?xml version="1.0" encoding="UTF-8"?>
<!-- Generated by org.testng.reporters.JUnitXMLReporter -->
<testsuite ignored="0" hostname="dvcio6093226" failures="2" tests="4" name="Test" time="0.073" errors="0" timestamp="2020-11-29T17:46:23 IST">
  <testcase classname="TestNGPackage.Sprint1" name="tc04" time="0.018">
    <failure type="java.lang.AssertionError" message="null">
      <![CDATA[java.lang.AssertionError: null
at TestNGPackage.Sprint1.tc04(Sprint1.java:67)
at java.base/java.util.ArrayList.forEach(ArrayList.java:1511)
... Removed 29 stack frames]]>
    </failure>
  </testcase> <!-- tc04 -->
  <testcase classname="TestNGPackage.Sprint1" name="tc03" time="0.003">
    <failure type="java.lang.AssertionError" message="The following asserts failed:
	null">
      <![CDATA[java.lang.AssertionError: The following asserts failed:
null
at TestNGPackage.Sprint1.tc03(Sprint1.java:42)
at java.base/java.util.ArrayList.forEach(ArrayList.java:1511)
... Removed 29 stack frames]]>
    </failure>
  </testcase> <!-- tc03 -->
  <testcase classname="TestNGPackage.Sprint1" name="tc02" time="0.003"/>
  <testcase classname="TestNGPackage.Sprint1" name="tc01" time="0.0">
    <skipped/>
  </testcase> <!-- tc01 -->
</testsuite> <!-- Test -->
